# JRE version: Java(TM) SE Runtime Environment (8.0_45-b15) (build 1.8.0_45-b15)
# Java VM: Java HotSpot(TM) 64-Bit Server VM (25.45-b02 mixed mode windows-amd64 compressed oops)
Heap:
 PSYoungGen      total 211456K, used 22010K [0x00000000d5700000, 0x00000000ebc00000, 0x0000000100000000)
  eden space 189440K, 0% used [0x00000000d5700000,0x00000000d5700000,0x00000000e1000000)
  from space 22016K, 99% used [0x00000000e1000000,0x00000000e257e940,0x00000000e2580000)
  to   space 37376K, 0% used [0x00000000e9780000,0x00000000e9780000,0x00000000ebc00000)
 ParOldGen       total 69632K, used 69232K [0x0000000080400000, 0x0000000084800000, 0x00000000d5700000)
  object space 69632K, 99% used [0x0000000080400000,0x000000008479c398,0x0000000084800000)
 Metaspace       used 20969K, capacity 21510K, committed 21936K, reserved 1069056K
  class space    used 2418K, capacity 2629K, committed 2736K, reserved 1048576K
GC Heap History (10 events):
Event: 8.059 GC heap after
Heap after GC invocations=8 (full 0):
 PSYoungGen      total 128512K, used 3552K [0x00000000d5700000, 0x00000000de900000, 0x0000000100000000)
  eden space 124928K, 0% used [0x00000000d5700000,0x00000000d5700000,0x00000000dd100000)
  from space 3584K, 99% used [0x00000000de000000,0x00000000de378010,0x00000000de380000)
  to   space 12288K, 0% used [0x00000000dd100000,0x00000000dd100000,0x00000000ddd00000)
 ParOldGen       total 87552K, used 18222K [0x0000000080400000, 0x0000000085980000, 0x00000000d5700000)
  object space 87552K, 20% used [0x0000000080400000,0x00000000815cba38,0x0000000085980000)
 Metaspace       used 20016K, capacity 20462K, committed 20736K, reserved 1067008K
  class space    used 2316K, capacity 2493K, committed 2560K, reserved 1048576K
}
Event: 8.178 GC heap before
{Heap before GC invocations=9 (full 0):
 PSYoungGen      total 128512K, used 20851K [0x00000000d5700000, 0x00000000de900000, 0x0000000100000000)
  eden space 124928K, 13% used [0x00000000d5700000,0x00000000d67e4f98,0x00000000dd100000)
  from space 3584K, 99% used [0x00000000de000000,0x00000000de378010,0x00000000de380000)
  to   space 12288K, 0% used [0x00000000dd100000,0x00000000dd100000,0x00000000ddd00000)
 ParOldGen       total 87552K, used 18222K [0x0000000080400000, 0x0000000085980000, 0x00000000d5700000)
  object space 87552K, 20% used [0x0000000080400000,0x00000000815cba38,0x0000000085980000)
 Metaspace       used 20677K, capacity 21158K, committed 21296K, reserved 1069056K
  class space    used 2403K, capacity 2597K, committed 2608K, reserved 1048576K
Event: 8.182 GC heap after
Heap after GC invocations=9 (full 0):
 PSYoungGen      total 137216K, used 2847K [0x00000000d5700000, 0x00000000e3380000, 0x0000000100000000)
  eden space 124928K, 0% used [0x00000000d5700000,0x00000000d5700000,0x00000000dd100000)
  from space 12288K, 23% used [0x00000000dd100000,0x00000000dd3c7d30,0x00000000ddd00000)
  to   space 12800K, 0% used [0x00000000e2700000,0x00000000e2700000,0x00000000e3380000)
 ParOldGen       total 87552K, used 20614K [0x0000000080400000, 0x0000000085980000, 0x00000000d5700000)
  object space 87552K, 23% used [0x0000000080400000,0x0000000081821a38,0x0000000085980000)
 Metaspace       used 20677K, capacity 21158K, committed 21296K, reserved 1069056K
  class space    used 2403K, capacity 2597K, committed 2608K, reserved 1048576K
}
Event: 8.183 GC heap before
{Heap before GC invocations=10 (full 1):
 PSYoungGen      total 137216K, used 2847K [0x00000000d5700000, 0x00000000e3380000, 0x0000000100000000)
  eden space 124928K, 0% used [0x00000000d5700000,0x00000000d5700000,0x00000000dd100000)
  from space 12288K, 23% used [0x00000000dd100000,0x00000000dd3c7d30,0x00000000ddd00000)
  to   space 12800K, 0% used [0x00000000e2700000,0x00000000e2700000,0x00000000e3380000)
 ParOldGen       total 87552K, used 20614K [0x0000000080400000, 0x0000000085980000, 0x00000000d5700000)
  object space 87552K, 23% used [0x0000000080400000,0x0000000081821a38,0x0000000085980000)
 Metaspace       used 20677K, capacity 21158K, committed 21296K, reserved 1069056K
  class space    used 2403K, capacity 2597K, committed 2608K, reserved 1048576K
Event: 8.232 GC heap after
Heap after GC invocations=10 (full 1):
 PSYoungGen      total 137216K, used 0K [0x00000000d5700000, 0x00000000e3380000, 0x0000000100000000)
  eden space 124928K, 0% used [0x00000000d5700000,0x00000000d5700000,0x00000000dd100000)
  from space 12288K, 0% used [0x00000000dd100000,0x00000000dd100000,0x00000000ddd00000)
  to   space 12800K, 0% used [0x00000000e2700000,0x00000000e2700000,0x00000000e3380000)
 ParOldGen       total 62464K, used 15786K [0x0000000080400000, 0x0000000084100000, 0x00000000d5700000)
  object space 62464K, 25% used [0x0000000080400000,0x000000008136a8e8,0x0000000084100000)
 Metaspace       used 20677K, capacity 21158K, committed 21296K, reserved 1069056K
  class space    used 2403K, capacity 2597K, committed 2608K, reserved 1048576K
}
Event: 8.651 GC heap before
{Heap before GC invocations=11 (full 1):
 PSYoungGen      total 137216K, used 124928K [0x00000000d5700000, 0x00000000e3380000, 0x0000000100000000)
  eden space 124928K, 100% used [0x00000000d5700000,0x00000000dd100000,0x00000000dd100000)
  from space 12288K, 0% used [0x00000000dd100000,0x00000000dd100000,0x00000000ddd00000)
  to   space 12800K, 0% used [0x00000000e2700000,0x00000000e2700000,0x00000000e3380000)
 ParOldGen       total 62464K, used 15788K [0x0000000080400000, 0x0000000084100000, 0x00000000d5700000)
  object space 62464K, 25% used [0x0000000080400000,0x000000008136b2c0,0x0000000084100000)
 Metaspace       used 20954K, capacity 21510K, committed 21936K, reserved 1069056K
  class space    used 2418K, capacity 2629K, committed 2736K, reserved 1048576K
Event: 8.692 GC heap after
Heap after GC invocations=11 (full 1):
 PSYoungGen      total 202240K, used 12772K [0x00000000d5700000, 0x00000000e3b00000, 0x0000000100000000)
  eden space 189440K, 0% used [0x00000000d5700000,0x00000000d5700000,0x00000000e1000000)
  from space 12800K, 99% used [0x00000000e2700000,0x00000000e33791d0,0x00000000e3380000)
  to   space 22016K, 0% used [0x00000000e1000000,0x00000000e1000000,0x00000000e2580000)
 ParOldGen       total 62464K, used 36763K [0x0000000080400000, 0x0000000084100000, 0x00000000d5700000)
  object space 62464K, 58% used [0x0000000080400000,0x00000000827e6f30,0x0000000084100000)
 Metaspace       used 20954K, capacity 21510K, committed 21936K, reserved 1069056K
  class space    used 2418K, capacity 2629K, committed 2736K, reserved 1048576K
}
Event: 9.274 GC heap before
{Heap before GC invocations=12 (full 1):
 PSYoungGen      total 202240K, used 202212K [0x00000000d5700000, 0x00000000e3b00000, 0x0000000100000000)
  eden space 189440K, 100% used [0x00000000d5700000,0x00000000e1000000,0x00000000e1000000)
  from space 12800K, 99% used [0x00000000e2700000,0x00000000e33791d0,0x00000000e3380000)
  to   space 22016K, 0% used [0x00000000e1000000,0x00000000e1000000,0x00000000e2580000)
 ParOldGen       total 62464K, used 36769K [0x0000000080400000, 0x0000000084100000, 0x00000000d5700000)
  object space 62464K, 58% used [0x0000000080400000,0x00000000827e8788,0x0000000084100000)
 Metaspace       used 20969K, capacity 21510K, committed 21936K, reserved 1069056K
  class space    used 2418K, capacity 2629K, committed 2736K, reserved 1048576K
Event: 9.334 GC heap after
Heap after GC invocations=12 (full 1):
 PSYoungGen      total 211456K, used 22010K [0x00000000d5700000, 0x00000000ebc00000, 0x0000000100000000)
  eden space 189440K, 0% used [0x00000000d5700000,0x00000000d5700000,0x00000000e1000000)
  from space 22016K, 99% used [0x00000000e1000000,0x00000000e257e940,0x00000000e2580000)
  to   space 37376K, 0% used [0x00000000e9780000,0x00000000e9780000,0x00000000ebc00000)
 ParOldGen       total 69632K, used 69232K [0x0000000080400000, 0x0000000084800000, 0x00000000d5700000)
  object space 69632K, 99% used [0x0000000080400000,0x000000008479c398,0x0000000084800000)
 Metaspace       used 20969K, capacity 21510K, committed 21936K, reserved 1069056K
  class space    used 2418K, capacity 2629K, committed 2736K, reserved 1048576K
}
Event: 9.334 GC heap before
{Heap before GC invocations=13 (full 2):
 PSYoungGen      total 211456K, used 22010K [0x00000000d5700000, 0x00000000ebc00000, 0x0000000100000000)
  eden space 189440K, 0% used [0x00000000d5700000,0x00000000d5700000,0x00000000e1000000)
  from space 22016K, 99% used [0x00000000e1000000,0x00000000e257e940,0x00000000e2580000)
  to   space 37376K, 0% used [0x00000000e9780000,0x00000000e9780000,0x00000000ebc00000)
 ParOldGen       total 69632K, used 69232K [0x0000000080400000, 0x0000000084800000, 0x00000000d5700000)
  object space 69632K, 99% used [0x0000000080400000,0x000000008479c398,0x0000000084800000)
 Metaspace       used 20969K, capacity 21510K, committed 21936K, reserved 1069056K
  class space    used 2418K, capacity 2629K, committed 2736K, reserved 1048576K

