# JRE version: Java(TM) SE Runtime Environment (8.0_45-b15) (build 1.8.0_45-b15)
# Java VM: Java HotSpot(TM) 64-Bit Server VM (25.45-b02 mixed mode windows-amd64 compressed oops)
Heap:
 PSYoungGen      total 142336K, used 8419K [0x00000000d5700000, 0x00000000e6b00000, 0x0000000100000000)
  eden space 129536K, 0% used [0x00000000d5700000,0x00000000d5700000,0x00000000dd580000)
  from space 12800K, 65% used [0x00000000de180000,0x00000000de9b8f08,0x00000000dee00000)
  to   space 12288K, 0% used [0x00000000dd580000,0x00000000dd580000,0x00000000de180000)
 ParOldGen       total 87552K, used 15029K [0x0000000080400000, 0x0000000085980000, 0x00000000d5700000)
  object space 87552K, 17% used [0x0000000080400000,0x00000000812ad498,0x0000000085980000)
 Metaspace       used 20680K, capacity 21158K, committed 21296K, reserved 1069056K
  class space    used 2403K, capacity 2597K, committed 2608K, reserved 1048576K
GC Heap History (10 events):
Event: 1.960 GC heap after
Heap after GC invocations=4 (full 0):
 PSYoungGen      total 71680K, used 5104K [0x00000000d5700000, 0x00000000da200000, 0x0000000100000000)
  eden space 66560K, 0% used [0x00000000d5700000,0x00000000d5700000,0x00000000d9800000)
  from space 5120K, 99% used [0x00000000d9d00000,0x00000000da1fc010,0x00000000da200000)
  to   space 5120K, 0% used [0x00000000d9800000,0x00000000d9800000,0x00000000d9d00000)
 ParOldGen       total 87552K, used 6297K [0x0000000080400000, 0x0000000085980000, 0x00000000d5700000)
  object space 87552K, 7% used [0x0000000080400000,0x0000000080a266b8,0x0000000085980000)
 Metaspace       used 13891K, capacity 14132K, committed 14336K, reserved 1062912K
  class space    used 1658K, capacity 1744K, committed 1792K, reserved 1048576K
}
Event: 3.090 GC heap before
{Heap before GC invocations=5 (full 0):
 PSYoungGen      total 71680K, used 71664K [0x00000000d5700000, 0x00000000da200000, 0x0000000100000000)
  eden space 66560K, 100% used [0x00000000d5700000,0x00000000d9800000,0x00000000d9800000)
  from space 5120K, 99% used [0x00000000d9d00000,0x00000000da1fc010,0x00000000da200000)
  to   space 5120K, 0% used [0x00000000d9800000,0x00000000d9800000,0x00000000d9d00000)
 ParOldGen       total 87552K, used 6297K [0x0000000080400000, 0x0000000085980000, 0x00000000d5700000)
  object space 87552K, 7% used [0x0000000080400000,0x0000000080a266b8,0x0000000085980000)
 Metaspace       used 14482K, capacity 14764K, committed 15104K, reserved 1062912K
  class space    used 1680K, capacity 1780K, committed 1792K, reserved 1048576K
Event: 3.098 GC heap after
Heap after GC invocations=5 (full 0):
 PSYoungGen      total 71680K, used 5104K [0x00000000d5700000, 0x00000000ded00000, 0x0000000100000000)
  eden space 66560K, 0% used [0x00000000d5700000,0x00000000d5700000,0x00000000d9800000)
  from space 5120K, 99% used [0x00000000d9800000,0x00000000d9cfc010,0x00000000d9d00000)
  to   space 10240K, 0% used [0x00000000de300000,0x00000000de300000,0x00000000ded00000)
 ParOldGen       total 87552K, used 10434K [0x0000000080400000, 0x0000000085980000, 0x00000000d5700000)
  object space 87552K, 11% used [0x0000000080400000,0x0000000080e30b18,0x0000000085980000)
 Metaspace       used 14482K, capacity 14764K, committed 15104K, reserved 1062912K
  class space    used 1680K, capacity 1780K, committed 1792K, reserved 1048576K
}
Event: 7.091 GC heap before
{Heap before GC invocations=6 (full 0):
 PSYoungGen      total 71680K, used 71664K [0x00000000d5700000, 0x00000000ded00000, 0x0000000100000000)
  eden space 66560K, 100% used [0x00000000d5700000,0x00000000d9800000,0x00000000d9800000)
  from space 5120K, 99% used [0x00000000d9800000,0x00000000d9cfc010,0x00000000d9d00000)
  to   space 10240K, 0% used [0x00000000de300000,0x00000000de300000,0x00000000ded00000)
 ParOldGen       total 87552K, used 10434K [0x0000000080400000, 0x0000000085980000, 0x00000000d5700000)
  object space 87552K, 11% used [0x0000000080400000,0x0000000080e30b18,0x0000000085980000)
 Metaspace       used 17057K, capacity 17398K, committed 17792K, reserved 1064960K
  class space    used 1984K, capacity 2133K, committed 2176K, reserved 1048576K
Event: 7.101 GC heap after
Heap after GC invocations=6 (full 0):
 PSYoungGen      total 74752K, used 10231K [0x00000000d5700000, 0x00000000ded00000, 0x0000000100000000)
  eden space 64512K, 0% used [0x00000000d5700000,0x00000000d5700000,0x00000000d9600000)
  from space 10240K, 99% used [0x00000000de300000,0x00000000decfdf58,0x00000000ded00000)
  to   space 11776K, 0% used [0x00000000dd600000,0x00000000dd600000,0x00000000de180000)
 ParOldGen       total 87552K, used 10963K [0x0000000080400000, 0x0000000085980000, 0x00000000d5700000)
  object space 87552K, 12% used [0x0000000080400000,0x0000000080eb4c28,0x0000000085980000)
 Metaspace       used 17057K, capacity 17398K, committed 17792K, reserved 1064960K
  class space    used 1984K, capacity 2133K, committed 2176K, reserved 1048576K
}
Event: 7.818 GC heap before
{Heap before GC invocations=7 (full 0):
 PSYoungGen      total 74752K, used 74743K [0x00000000d5700000, 0x00000000ded00000, 0x0000000100000000)
  eden space 64512K, 100% used [0x00000000d5700000,0x00000000d9600000,0x00000000d9600000)
  from space 10240K, 99% used [0x00000000de300000,0x00000000decfdf58,0x00000000ded00000)
  to   space 11776K, 0% used [0x00000000dd600000,0x00000000dd600000,0x00000000de180000)
 ParOldGen       total 87552K, used 10963K [0x0000000080400000, 0x0000000085980000, 0x00000000d5700000)
  object space 87552K, 12% used [0x0000000080400000,0x0000000080eb4c28,0x0000000085980000)
 Metaspace       used 19994K, capacity 20462K, committed 20736K, reserved 1067008K
  class space    used 2316K, capacity 2493K, committed 2560K, reserved 1048576K
Event: 7.832 GC heap after
Heap after GC invocations=7 (full 0):
 PSYoungGen      total 140800K, used 10066K [0x00000000d5700000, 0x00000000dee00000, 0x0000000100000000)
  eden space 129024K, 0% used [0x00000000d5700000,0x00000000d5700000,0x00000000dd500000)
  from space 11776K, 85% used [0x00000000dd600000,0x00000000ddfd4b30,0x00000000de180000)
  to   space 12800K, 0% used [0x00000000de180000,0x00000000de180000,0x00000000dee00000)
 ParOldGen       total 87552K, used 12925K [0x0000000080400000, 0x0000000085980000, 0x00000000d5700000)
  object space 87552K, 14% used [0x0000000080400000,0x000000008109f498,0x0000000085980000)
 Metaspace       used 19994K, capacity 20462K, committed 20736K, reserved 1067008K
  class space    used 2316K, capacity 2493K, committed 2560K, reserved 1048576K
}
Event: 8.127 GC heap before
{Heap before GC invocations=8 (full 0):
 PSYoungGen      total 140800K, used 89660K [0x00000000d5700000, 0x00000000dee00000, 0x0000000100000000)
  eden space 129024K, 61% used [0x00000000d5700000,0x00000000da4ba648,0x00000000dd500000)
  from space 11776K, 85% used [0x00000000dd600000,0x00000000ddfd4b30,0x00000000de180000)
  to   space 12800K, 0% used [0x00000000de180000,0x00000000de180000,0x00000000dee00000)
 ParOldGen       total 87552K, used 12925K [0x0000000080400000, 0x0000000085980000, 0x00000000d5700000)
  object space 87552K, 14% used [0x0000000080400000,0x000000008109f498,0x0000000085980000)
 Metaspace       used 20680K, capacity 21158K, committed 21296K, reserved 1069056K
  class space    used 2403K, capacity 2597K, committed 2608K, reserved 1048576K
Event: 8.134 GC heap after
Heap after GC invocations=8 (full 0):
 PSYoungGen      total 142336K, used 8419K [0x00000000d5700000, 0x00000000e6b00000, 0x0000000100000000)
  eden space 129536K, 0% used [0x00000000d5700000,0x00000000d5700000,0x00000000dd580000)
  from space 12800K, 65% used [0x00000000de180000,0x00000000de9b8f08,0x00000000dee00000)
  to   space 12288K, 0% used [0x00000000dd580000,0x00000000dd580000,0x00000000de180000)
 ParOldGen       total 87552K, used 15029K [0x0000000080400000, 0x0000000085980000, 0x00000000d5700000)
  object space 87552K, 17% used [0x0000000080400000,0x00000000812ad498,0x0000000085980000)
 Metaspace       used 20680K, capacity 21158K, committed 21296K, reserved 1069056K
  class space    used 2403K, capacity 2597K, committed 2608K, reserved 1048576K
}
Event: 8.134 GC heap before
{Heap before GC invocations=9 (full 1):
 PSYoungGen      total 142336K, used 8419K [0x00000000d5700000, 0x00000000e6b00000, 0x0000000100000000)
  eden space 129536K, 0% used [0x00000000d5700000,0x00000000d5700000,0x00000000dd580000)
  from space 12800K, 65% used [0x00000000de180000,0x00000000de9b8f08,0x00000000dee00000)
  to   space 12288K, 0% used [0x00000000dd580000,0x00000000dd580000,0x00000000de180000)
 ParOldGen       total 87552K, used 15029K [0x0000000080400000, 0x0000000085980000, 0x00000000d5700000)
  object space 87552K, 17% used [0x0000000080400000,0x00000000812ad498,0x0000000085980000)
 Metaspace       used 20680K, capacity 21158K, committed 21296K, reserved 1069056K
  class space    used 2403K, capacity 2597K, committed 2608K, reserved 1048576K

